<?xml version="1.0" encoding="UTF-8"?>
<coverage generated="1501113000546" clover="3.2.0">
  <project timestamp="1501113000546" name="All files">
    <metrics statements="42" coveredstatements="39" conditionals="18" coveredconditionals="14" methods="15" coveredmethods="14" elements="75" coveredelements="67" complexity="0" loc="42" ncloc="42" packages="4" files="4" classes="4">
      <package name="action">
        <metrics statements="6" coveredstatements="6" conditionals="0" coveredconditionals="0" methods="3" coveredmethods="3"/>
        <file name="category-actions.js" path="/Users/izzybaer/CF/401/week-seven/lab-31-34-budget-tracker/lab-izzy/action/category-actions.js">
          <metrics statements="6" coveredstatements="6" conditionals="0" coveredconditionals="0" methods="3" coveredmethods="3"/>
          <line num="3" count="1" type="stmt"/>
          <line num="4" count="1" type="stmt"/>
          <line num="5" count="1" type="stmt"/>
          <line num="6" count="1" type="stmt"/>
          <line num="12" count="1" type="stmt"/>
          <line num="17" count="1" type="stmt"/>
        </file>
      </package>
      <package name="component.category-form">
        <metrics statements="13" coveredstatements="10" conditionals="6" coveredconditionals="2" methods="5" coveredmethods="4"/>
        <file name="index.js" path="/Users/izzybaer/CF/401/week-seven/lab-31-34-budget-tracker/lab-izzy/component/category-form/index.js">
          <metrics statements="13" coveredstatements="10" conditionals="6" coveredconditionals="2" methods="5" coveredmethods="4"/>
          <line num="6" count="2" type="stmt"/>
          <line num="7" count="2" type="cond" truecount="1" falsecount="1"/>
          <line num="9" count="2" type="stmt"/>
          <line num="10" count="2" type="stmt"/>
          <line num="14" count="0" type="stmt"/>
          <line num="15" count="0" type="cond" truecount="0" falsecount="2"/>
          <line num="16" count="0" type="stmt"/>
          <line num="20" count="1" type="stmt"/>
          <line num="24" count="1" type="stmt"/>
          <line num="25" count="1" type="stmt"/>
          <line num="26" count="1" type="cond" truecount="1" falsecount="1"/>
          <line num="27" count="1" type="stmt"/>
          <line num="31" count="5" type="stmt"/>
        </file>
      </package>
      <package name="lib">
        <metrics statements="9" coveredstatements="9" conditionals="0" coveredconditionals="0" methods="3" coveredmethods="3"/>
        <file name="redux-reporter.js" path="/Users/izzybaer/CF/401/week-seven/lab-31-34-budget-tracker/lab-izzy/lib/redux-reporter.js">
          <metrics statements="9" coveredstatements="9" conditionals="0" coveredconditionals="0" methods="3" coveredmethods="3"/>
          <line num="1" count="2" type="stmt"/>
          <line num="2" count="3" type="stmt"/>
          <line num="3" count="3" type="stmt"/>
          <line num="4" count="3" type="stmt"/>
          <line num="5" count="2" type="stmt"/>
          <line num="6" count="2" type="stmt"/>
          <line num="8" count="1" type="stmt"/>
          <line num="9" count="1" type="stmt"/>
          <line num="10" count="1" type="stmt"/>
        </file>
      </package>
      <package name="reducer">
        <metrics statements="14" coveredstatements="14" conditionals="12" coveredconditionals="12" methods="4" coveredmethods="4"/>
        <file name="category.js" path="/Users/izzybaer/CF/401/week-seven/lab-31-34-budget-tracker/lab-izzy/reducer/category.js">
          <metrics statements="14" coveredstatements="14" conditionals="12" coveredconditionals="12" methods="4" coveredmethods="4"/>
          <line num="1" count="1" type="stmt"/>
          <line num="2" count="5" type="cond" truecount="5" falsecount="0"/>
          <line num="3" count="1" type="stmt"/>
          <line num="6" count="1" type="stmt"/>
          <line num="8" count="7" type="stmt"/>
          <line num="9" count="7" type="cond" truecount="4" falsecount="0"/>
          <line num="11" count="2" type="stmt"/>
          <line num="12" count="2" type="stmt"/>
          <line num="15" count="2" type="stmt"/>
          <line num="16" count="1" type="stmt"/>
          <line num="17" count="4" type="cond" truecount="2" falsecount="0"/>
          <line num="20" count="1" type="stmt"/>
          <line num="21" count="4" type="stmt"/>
          <line num="24" count="2" type="stmt"/>
        </file>
      </package>
    </metrics>
  </project>
</coverage>
