<?xml version="1.0" encoding="UTF-8"?>
<coverage generated="1501005482257" clover="3.2.0">
  <project timestamp="1501005482258" name="All files">
    <metrics statements="14" coveredstatements="7" conditionals="7" coveredconditionals="2" methods="6" coveredmethods="1" elements="27" coveredelements="10" complexity="0" loc="14" ncloc="14" packages="2" files="2" classes="2">
      <package name="action">
        <metrics statements="6" coveredstatements="3" conditionals="0" coveredconditionals="0" methods="3" coveredmethods="0"/>
        <file name="category-actions.js" path="/Users/izzybaer/CF/401/week-seven/lab-31-34-budget-tracker/lab-izzy/action/category-actions.js">
          <metrics statements="6" coveredstatements="3" conditionals="0" coveredconditionals="0" methods="3" coveredmethods="0"/>
          <line num="3" count="1" type="stmt"/>
          <line num="4" count="0" type="stmt"/>
          <line num="5" count="0" type="stmt"/>
          <line num="7" count="0" type="stmt"/>
          <line num="13" count="1" type="stmt"/>
          <line num="18" count="1" type="stmt"/>
        </file>
      </package>
      <package name="reducer">
        <metrics statements="8" coveredstatements="4" conditionals="7" coveredconditionals="2" methods="3" coveredmethods="1"/>
        <file name="category.js" path="/Users/izzybaer/CF/401/week-seven/lab-31-34-budget-tracker/lab-izzy/reducer/category.js">
          <metrics statements="8" coveredstatements="4" conditionals="7" coveredconditionals="2" methods="3" coveredmethods="1"/>
          <line num="3" count="1" type="stmt"/>
          <line num="6" count="2" type="stmt"/>
          <line num="7" count="2" type="cond" truecount="1" falsecount="3"/>
          <line num="9" count="0" type="stmt"/>
          <line num="11" count="0" type="stmt"/>
          <line num="12" count="0" type="cond" truecount="0" falsecount="2"/>
          <line num="14" count="0" type="stmt"/>
          <line num="16" count="2" type="stmt"/>
        </file>
      </package>
    </metrics>
  </project>
</coverage>
