{"/Users/izzybaer/CF/401/week-seven/lab-31-34-budget-tracker/lab-izzy/action/category-actions.js": {"path":"/Users/izzybaer/CF/401/week-seven/lab-31-34-budget-tracker/lab-izzy/action/category-actions.js","statementMap":{"0":{"start":{"line":3,"column":30},"end":{"line":11,"column":1}},"1":{"start":{"line":4,"column":2},"end":{"line":4,"column":23}},"2":{"start":{"line":5,"column":2},"end":{"line":6,"column":34}},"3":{"start":{"line":7,"column":2},"end":{"line":10,"column":4}},"4":{"start":{"line":13,"column":30},"end":{"line":16,"column":2}},"5":{"start":{"line":13,"column":45},"end":{"line":16,"column":1}},"6":{"start":{"line":18,"column":30},"end":{"line":21,"column":2}},"7":{"start":{"line":18,"column":45},"end":{"line":21,"column":1}}},"fnMap":{"0":{"name":"(anonymous_0)","decl":{"start":{"line":3,"column":30},"end":{"line":3,"column":31}},"loc":{"start":{"line":3,"column":44},"end":{"line":11,"column":1}},"line":3},"1":{"name":"(anonymous_1)","decl":{"start":{"line":13,"column":30},"end":{"line":13,"column":31}},"loc":{"start":{"line":13,"column":45},"end":{"line":16,"column":1}},"line":13},"2":{"name":"(anonymous_2)","decl":{"start":{"line":18,"column":30},"end":{"line":18,"column":31}},"loc":{"start":{"line":18,"column":45},"end":{"line":21,"column":1}},"line":18}},"branchMap":{},"s":{"0":1,"1":0,"2":0,"3":0,"4":1,"5":0,"6":1,"7":0},"f":{"0":0,"1":0,"2":0},"b":{},"_coverageSchema":"332fd63041d2c1bcb487cc26dd0d5f7d97098a6c","hash":"755cadf06f01261df95339b634b726a47d8661c8"}
,"/Users/izzybaer/CF/401/week-seven/lab-31-34-budget-tracker/lab-izzy/reducer/category.js": {"path":"/Users/izzybaer/CF/401/week-seven/lab-31-34-budget-tracker/lab-izzy/reducer/category.js","statementMap":{"0":{"start":{"line":3,"column":19},"end":{"line":3,"column":21}},"1":{"start":{"line":6,"column":24},"end":{"line":6,"column":30}},"2":{"start":{"line":7,"column":2},"end":{"line":17,"column":3}},"3":{"start":{"line":9,"column":4},"end":{"line":9,"column":31}},"4":{"start":{"line":11,"column":4},"end":{"line":12,"column":54}},"5":{"start":{"line":12,"column":6},"end":{"line":12,"column":52}},"6":{"start":{"line":14,"column":4},"end":{"line":14,"column":64}},"7":{"start":{"line":14,"column":36},"end":{"line":14,"column":62}},"8":{"start":{"line":16,"column":4},"end":{"line":16,"column":17}}},"fnMap":{"0":{"name":"(anonymous_0)","decl":{"start":{"line":5,"column":15},"end":{"line":5,"column":16}},"loc":{"start":{"line":5,"column":47},"end":{"line":18,"column":1}},"line":5},"1":{"name":"(anonymous_1)","decl":{"start":{"line":11,"column":21},"end":{"line":11,"column":22}},"loc":{"start":{"line":12,"column":6},"end":{"line":12,"column":52}},"line":12},"2":{"name":"(anonymous_2)","decl":{"start":{"line":14,"column":24},"end":{"line":14,"column":25}},"loc":{"start":{"line":14,"column":36},"end":{"line":14,"column":62}},"line":14}},"branchMap":{"0":{"loc":{"start":{"line":5,"column":16},"end":{"line":5,"column":34}},"type":"default-arg","locations":[{"start":{"line":5,"column":22},"end":{"line":5,"column":34}}],"line":5},"1":{"loc":{"start":{"line":7,"column":2},"end":{"line":17,"column":3}},"type":"switch","locations":[{"start":{"line":8,"column":2},"end":{"line":9,"column":31}},{"start":{"line":10,"column":2},"end":{"line":12,"column":54}},{"start":{"line":13,"column":2},"end":{"line":14,"column":64}},{"start":{"line":15,"column":2},"end":{"line":16,"column":17}}],"line":7},"2":{"loc":{"start":{"line":12,"column":6},"end":{"line":12,"column":52}},"type":"cond-expr","locations":[{"start":{"line":12,"column":34},"end":{"line":12,"column":41}},{"start":{"line":12,"column":44},"end":{"line":12,"column":52}}],"line":12}},"s":{"0":1,"1":2,"2":2,"3":0,"4":0,"5":0,"6":0,"7":0,"8":2},"f":{"0":2,"1":0,"2":0},"b":{"0":[1],"1":[0,0,0,2],"2":[0,0]},"_coverageSchema":"332fd63041d2c1bcb487cc26dd0d5f7d97098a6c","hash":"7e2afbd92b8e017c6b98dcec789fd89e570f6c0d"}
}
