{"/Users/izzybaer/CF/401/week-seven/lab-31-34-budget-tracker/lab-izzy/action/category-actions.js": {"path":"/Users/izzybaer/CF/401/week-seven/lab-31-34-budget-tracker/lab-izzy/action/category-actions.js","statementMap":{"0":{"start":{"line":3,"column":30},"end":{"line":10,"column":1}},"1":{"start":{"line":4,"column":2},"end":{"line":4,"column":23}},"2":{"start":{"line":5,"column":2},"end":{"line":5,"column":34}},"3":{"start":{"line":6,"column":2},"end":{"line":9,"column":4}},"4":{"start":{"line":12,"column":30},"end":{"line":15,"column":2}},"5":{"start":{"line":12,"column":45},"end":{"line":15,"column":1}},"6":{"start":{"line":17,"column":30},"end":{"line":20,"column":2}},"7":{"start":{"line":17,"column":45},"end":{"line":20,"column":1}}},"fnMap":{"0":{"name":"(anonymous_0)","decl":{"start":{"line":3,"column":30},"end":{"line":3,"column":31}},"loc":{"start":{"line":3,"column":44},"end":{"line":10,"column":1}},"line":3},"1":{"name":"(anonymous_1)","decl":{"start":{"line":12,"column":30},"end":{"line":12,"column":31}},"loc":{"start":{"line":12,"column":45},"end":{"line":15,"column":1}},"line":12},"2":{"name":"(anonymous_2)","decl":{"start":{"line":17,"column":30},"end":{"line":17,"column":31}},"loc":{"start":{"line":17,"column":45},"end":{"line":20,"column":1}},"line":17}},"branchMap":{},"s":{"0":1,"1":1,"2":1,"3":1,"4":1,"5":1,"6":1,"7":1},"f":{"0":1,"1":1,"2":1},"b":{},"_coverageSchema":"332fd63041d2c1bcb487cc26dd0d5f7d97098a6c","hash":"d579d09ad6ef5b6cf1bd33f90eee0927e651eca6"}
,"/Users/izzybaer/CF/401/week-seven/lab-31-34-budget-tracker/lab-izzy/component/category-form/index.js": {"path":"/Users/izzybaer/CF/401/week-seven/lab-31-34-budget-tracker/lab-izzy/component/category-form/index.js","statementMap":{"0":{"start":{"line":6,"column":4},"end":{"line":6,"column":17}},"1":{"start":{"line":7,"column":4},"end":{"line":7,"column":68}},"2":{"start":{"line":9,"column":4},"end":{"line":9,"column":53}},"3":{"start":{"line":10,"column":4},"end":{"line":10,"column":53}},"4":{"start":{"line":14,"column":4},"end":{"line":14,"column":33}},"5":{"start":{"line":15,"column":4},"end":{"line":16,"column":36}},"6":{"start":{"line":16,"column":6},"end":{"line":16,"column":36}},"7":{"start":{"line":20,"column":4},"end":{"line":20,"column":43}},"8":{"start":{"line":24,"column":4},"end":{"line":24,"column":23}},"9":{"start":{"line":25,"column":4},"end":{"line":25,"column":43}},"10":{"start":{"line":26,"column":4},"end":{"line":27,"column":33}},"11":{"start":{"line":27,"column":6},"end":{"line":27,"column":33}},"12":{"start":{"line":31,"column":4},"end":{"line":42,"column":6}}},"fnMap":{"0":{"name":"(anonymous_0)","decl":{"start":{"line":5,"column":2},"end":{"line":5,"column":3}},"loc":{"start":{"line":5,"column":20},"end":{"line":11,"column":3}},"line":5},"1":{"name":"(anonymous_1)","decl":{"start":{"line":13,"column":2},"end":{"line":13,"column":3}},"loc":{"start":{"line":13,"column":34},"end":{"line":17,"column":3}},"line":13},"2":{"name":"(anonymous_2)","decl":{"start":{"line":19,"column":2},"end":{"line":19,"column":3}},"loc":{"start":{"line":19,"column":17},"end":{"line":21,"column":3}},"line":19},"3":{"name":"(anonymous_3)","decl":{"start":{"line":23,"column":2},"end":{"line":23,"column":3}},"loc":{"start":{"line":23,"column":17},"end":{"line":28,"column":3}},"line":23},"4":{"name":"(anonymous_4)","decl":{"start":{"line":30,"column":2},"end":{"line":30,"column":3}},"loc":{"start":{"line":30,"column":10},"end":{"line":43,"column":3}},"line":30}},"branchMap":{"0":{"loc":{"start":{"line":7,"column":17},"end":{"line":7,"column":67}},"type":"cond-expr","locations":[{"start":{"line":7,"column":34},"end":{"line":7,"column":53}},{"start":{"line":7,"column":56},"end":{"line":7,"column":67}}],"line":7},"1":{"loc":{"start":{"line":15,"column":4},"end":{"line":16,"column":36}},"type":"if","locations":[{"start":{"line":15,"column":4},"end":{"line":16,"column":36}},{"start":{"line":15,"column":4},"end":{"line":16,"column":36}}],"line":15},"2":{"loc":{"start":{"line":26,"column":4},"end":{"line":27,"column":33}},"type":"if","locations":[{"start":{"line":26,"column":4},"end":{"line":27,"column":33}},{"start":{"line":26,"column":4},"end":{"line":27,"column":33}}],"line":26}},"s":{"0":2,"1":2,"2":2,"3":2,"4":0,"5":0,"6":0,"7":1,"8":1,"9":1,"10":1,"11":1,"12":5},"f":{"0":2,"1":0,"2":1,"3":1,"4":5},"b":{"0":[0,2],"1":[0,0],"2":[1,0]},"_coverageSchema":"332fd63041d2c1bcb487cc26dd0d5f7d97098a6c","hash":"958a0edfa87d8f7a181bc8715a68b6e4e1324939"}
,"/Users/izzybaer/CF/401/week-seven/lab-31-34-budget-tracker/lab-izzy/lib/redux-reporter.js": {"path":"/Users/izzybaer/CF/401/week-seven/lab-31-34-budget-tracker/lab-izzy/lib/redux-reporter.js","statementMap":{"0":{"start":{"line":1,"column":15},"end":{"line":12,"column":1}},"1":{"start":{"line":1,"column":24},"end":{"line":12,"column":1}},"2":{"start":{"line":1,"column":32},"end":{"line":12,"column":1}},"3":{"start":{"line":2,"column":2},"end":{"line":2,"column":36}},"4":{"start":{"line":3,"column":2},"end":{"line":11,"column":3}},"5":{"start":{"line":4,"column":17},"end":{"line":4,"column":29}},"6":{"start":{"line":5,"column":4},"end":{"line":5,"column":47}},"7":{"start":{"line":6,"column":4},"end":{"line":6,"column":18}},"8":{"start":{"line":8,"column":4},"end":{"line":8,"column":26}},"9":{"start":{"line":9,"column":4},"end":{"line":9,"column":38}},"10":{"start":{"line":10,"column":4},"end":{"line":10,"column":17}}},"fnMap":{"0":{"name":"(anonymous_0)","decl":{"start":{"line":1,"column":15},"end":{"line":1,"column":16}},"loc":{"start":{"line":1,"column":24},"end":{"line":12,"column":1}},"line":1},"1":{"name":"(anonymous_1)","decl":{"start":{"line":1,"column":24},"end":{"line":1,"column":25}},"loc":{"start":{"line":1,"column":32},"end":{"line":12,"column":1}},"line":1},"2":{"name":"(anonymous_2)","decl":{"start":{"line":1,"column":32},"end":{"line":1,"column":33}},"loc":{"start":{"line":1,"column":42},"end":{"line":12,"column":1}},"line":1}},"branchMap":{},"s":{"0":1,"1":2,"2":2,"3":3,"4":3,"5":3,"6":2,"7":2,"8":1,"9":1,"10":1},"f":{"0":2,"1":2,"2":3},"b":{},"_coverageSchema":"332fd63041d2c1bcb487cc26dd0d5f7d97098a6c","hash":"58f222a51fcc6d08da49592a3e49d633db3c23bd"}
,"/Users/izzybaer/CF/401/week-seven/lab-31-34-budget-tracker/lab-izzy/reducer/category.js": {"path":"/Users/izzybaer/CF/401/week-seven/lab-31-34-budget-tracker/lab-izzy/reducer/category.js","statementMap":{"0":{"start":{"line":1,"column":22},"end":{"line":4,"column":1}},"1":{"start":{"line":2,"column":2},"end":{"line":3,"column":85}},"2":{"start":{"line":3,"column":4},"end":{"line":3,"column":85}},"3":{"start":{"line":6,"column":19},"end":{"line":6,"column":21}},"4":{"start":{"line":8,"column":24},"end":{"line":8,"column":30}},"5":{"start":{"line":9,"column":2},"end":{"line":25,"column":3}},"6":{"start":{"line":11,"column":4},"end":{"line":11,"column":29}},"7":{"start":{"line":12,"column":4},"end":{"line":12,"column":31}},"8":{"start":{"line":15,"column":4},"end":{"line":15,"column":29}},"9":{"start":{"line":16,"column":4},"end":{"line":17,"column":54}},"10":{"start":{"line":17,"column":6},"end":{"line":17,"column":52}},"11":{"start":{"line":20,"column":4},"end":{"line":20,"column":29}},"12":{"start":{"line":21,"column":4},"end":{"line":21,"column":64}},"13":{"start":{"line":21,"column":36},"end":{"line":21,"column":62}},"14":{"start":{"line":24,"column":4},"end":{"line":24,"column":17}}},"fnMap":{"0":{"name":"(anonymous_0)","decl":{"start":{"line":1,"column":22},"end":{"line":1,"column":23}},"loc":{"start":{"line":1,"column":35},"end":{"line":4,"column":1}},"line":1},"1":{"name":"(anonymous_1)","decl":{"start":{"line":7,"column":15},"end":{"line":7,"column":16}},"loc":{"start":{"line":7,"column":47},"end":{"line":26,"column":1}},"line":7},"2":{"name":"(anonymous_2)","decl":{"start":{"line":16,"column":21},"end":{"line":16,"column":22}},"loc":{"start":{"line":17,"column":6},"end":{"line":17,"column":52}},"line":17},"3":{"name":"(anonymous_3)","decl":{"start":{"line":21,"column":24},"end":{"line":21,"column":25}},"loc":{"start":{"line":21,"column":36},"end":{"line":21,"column":62}},"line":21}},"branchMap":{"0":{"loc":{"start":{"line":2,"column":2},"end":{"line":3,"column":85}},"type":"if","locations":[{"start":{"line":2,"column":2},"end":{"line":3,"column":85}},{"start":{"line":2,"column":2},"end":{"line":3,"column":85}}],"line":2},"1":{"loc":{"start":{"line":2,"column":5},"end":{"line":2,"column":56}},"type":"binary-expr","locations":[{"start":{"line":2,"column":5},"end":{"line":2,"column":16}},{"start":{"line":2,"column":20},"end":{"line":2,"column":34}},{"start":{"line":2,"column":38},"end":{"line":2,"column":56}}],"line":2},"2":{"loc":{"start":{"line":7,"column":16},"end":{"line":7,"column":34}},"type":"default-arg","locations":[{"start":{"line":7,"column":22},"end":{"line":7,"column":34}}],"line":7},"3":{"loc":{"start":{"line":9,"column":2},"end":{"line":25,"column":3}},"type":"switch","locations":[{"start":{"line":10,"column":2},"end":{"line":12,"column":31}},{"start":{"line":14,"column":2},"end":{"line":17,"column":54}},{"start":{"line":19,"column":2},"end":{"line":21,"column":64}},{"start":{"line":23,"column":2},"end":{"line":24,"column":17}}],"line":9},"4":{"loc":{"start":{"line":17,"column":6},"end":{"line":17,"column":52}},"type":"cond-expr","locations":[{"start":{"line":17,"column":34},"end":{"line":17,"column":41}},{"start":{"line":17,"column":44},"end":{"line":17,"column":52}}],"line":17}},"s":{"0":1,"1":5,"2":1,"3":1,"4":7,"5":7,"6":2,"7":2,"8":2,"9":1,"10":4,"11":1,"12":1,"13":4,"14":2},"f":{"0":5,"1":7,"2":4,"3":4},"b":{"0":[1,4],"1":[5,5,4],"2":[1],"3":[2,2,1,2],"4":[1,3]},"_coverageSchema":"332fd63041d2c1bcb487cc26dd0d5f7d97098a6c","hash":"f82ae6307e5a6d4720f2e451c153367938a2f453"}
}
