TN:
SF:/Users/izzybaer/CF/401/week-seven/lab-31-34-budget-tracker/lab-izzy/action/category-actions.js
FN:3,(anonymous_0)
FN:13,(anonymous_1)
FN:18,(anonymous_2)
FNF:3
FNH:0
FNDA:0,(anonymous_0)
FNDA:0,(anonymous_1)
FNDA:0,(anonymous_2)
DA:3,1
DA:4,0
DA:5,0
DA:7,0
DA:13,1
DA:18,1
LF:6
LH:3
BRF:0
BRH:0
end_of_record
TN:
SF:/Users/izzybaer/CF/401/week-seven/lab-31-34-budget-tracker/lab-izzy/reducer/category.js
FN:5,(anonymous_0)
FN:11,(anonymous_1)
FN:14,(anonymous_2)
FNF:3
FNH:1
FNDA:2,(anonymous_0)
FNDA:0,(anonymous_1)
FNDA:0,(anonymous_2)
DA:3,1
DA:6,2
DA:7,2
DA:9,0
DA:11,0
DA:12,0
DA:14,0
DA:16,2
LF:8
LH:4
BRDA:5,0,0,1
BRDA:7,1,0,0
BRDA:7,1,1,0
BRDA:7,1,2,0
BRDA:7,1,3,2
BRDA:12,2,0,0
BRDA:12,2,1,0
BRF:7
BRH:2
end_of_record
