TN:
SF:/Users/izzybaer/CF/401/week-seven/lab-31-34-budget-tracker/lab-izzy/action/category-actions.js
FN:3,(anonymous_0)
FN:12,(anonymous_1)
FN:17,(anonymous_2)
FNF:3
FNH:3
FNDA:1,(anonymous_0)
FNDA:1,(anonymous_1)
FNDA:1,(anonymous_2)
DA:3,1
DA:4,1
DA:5,1
DA:6,1
DA:12,1
DA:17,1
LF:6
LH:6
BRF:0
BRH:0
end_of_record
TN:
SF:/Users/izzybaer/CF/401/week-seven/lab-31-34-budget-tracker/lab-izzy/component/category-form/index.js
FN:5,(anonymous_0)
FN:13,(anonymous_1)
FN:19,(anonymous_2)
FN:23,(anonymous_3)
FN:30,(anonymous_4)
FNF:5
FNH:4
FNDA:2,(anonymous_0)
FNDA:0,(anonymous_1)
FNDA:1,(anonymous_2)
FNDA:1,(anonymous_3)
FNDA:5,(anonymous_4)
DA:6,2
DA:7,2
DA:9,2
DA:10,2
DA:14,0
DA:15,0
DA:16,0
DA:20,1
DA:24,1
DA:25,1
DA:26,1
DA:27,1
DA:31,5
LF:13
LH:10
BRDA:7,0,0,0
BRDA:7,0,1,2
BRDA:15,1,0,0
BRDA:15,1,1,0
BRDA:26,2,0,1
BRDA:26,2,1,0
BRF:6
BRH:2
end_of_record
TN:
SF:/Users/izzybaer/CF/401/week-seven/lab-31-34-budget-tracker/lab-izzy/lib/redux-reporter.js
FN:1,(anonymous_0)
FN:1,(anonymous_1)
FN:1,(anonymous_2)
FNF:3
FNH:3
FNDA:2,(anonymous_0)
FNDA:2,(anonymous_1)
FNDA:3,(anonymous_2)
DA:1,2
DA:2,3
DA:3,3
DA:4,3
DA:5,2
DA:6,2
DA:8,1
DA:9,1
DA:10,1
LF:9
LH:9
BRF:0
BRH:0
end_of_record
TN:
SF:/Users/izzybaer/CF/401/week-seven/lab-31-34-budget-tracker/lab-izzy/reducer/category.js
FN:1,(anonymous_0)
FN:7,(anonymous_1)
FN:16,(anonymous_2)
FN:21,(anonymous_3)
FNF:4
FNH:4
FNDA:5,(anonymous_0)
FNDA:7,(anonymous_1)
FNDA:4,(anonymous_2)
FNDA:4,(anonymous_3)
DA:1,1
DA:2,5
DA:3,1
DA:6,1
DA:8,7
DA:9,7
DA:11,2
DA:12,2
DA:15,2
DA:16,1
DA:17,4
DA:20,1
DA:21,4
DA:24,2
LF:14
LH:14
BRDA:2,0,0,1
BRDA:2,0,1,4
BRDA:2,1,0,5
BRDA:2,1,1,5
BRDA:2,1,2,4
BRDA:7,2,0,1
BRDA:9,3,0,2
BRDA:9,3,1,2
BRDA:9,3,2,1
BRDA:9,3,3,2
BRDA:17,4,0,1
BRDA:17,4,1,3
BRF:12
BRH:12
end_of_record
