<?xml version="1.0" encoding="UTF-8"?>
<coverage generated="1501539754509" clover="3.2.0">
  <project timestamp="1501539754509" name="All files">
    <metrics statements="47" coveredstatements="39" conditionals="18" coveredconditionals="9" methods="19" coveredmethods="12" elements="84" coveredelements="60" complexity="0" loc="47" ncloc="47" packages="4" files="5" classes="5">
      <package name="action">
        <metrics statements="8" coveredstatements="7" conditionals="0" coveredconditionals="0" methods="4" coveredmethods="1"/>
        <file name="category-action.js" path="/Users/amandakoster/Documents/Amanda/learnings/CodeFellows/401/lab-31-34-budget-tracker/lab31-34-amanda/src/action/category-action.js">
          <metrics statements="8" coveredstatements="7" conditionals="0" coveredconditionals="0" methods="4" coveredmethods="1"/>
          <line num="3" count="1" type="stmt"/>
          <line num="4" count="1" type="stmt"/>
          <line num="5" count="1" type="stmt"/>
          <line num="6" count="1" type="stmt"/>
          <line num="12" count="1" type="stmt"/>
          <line num="13" count="0" type="stmt"/>
          <line num="20" count="1" type="stmt"/>
          <line num="25" count="1" type="stmt"/>
        </file>
      </package>
      <package name="component.category-form">
        <metrics statements="10" coveredstatements="10" conditionals="4" coveredconditionals="2" methods="4" coveredmethods="4"/>
        <file name="index.js" path="/Users/amandakoster/Documents/Amanda/learnings/CodeFellows/401/lab-31-34-budget-tracker/lab31-34-amanda/src/component/category-form/index.js">
          <metrics statements="10" coveredstatements="10" conditionals="4" coveredconditionals="2" methods="4" coveredmethods="4"/>
          <line num="5" count="2" type="stmt"/>
          <line num="7" count="2" type="cond" truecount="1" falsecount="1"/>
          <line num="11" count="2" type="stmt"/>
          <line num="12" count="2" type="stmt"/>
          <line num="16" count="1" type="stmt"/>
          <line num="20" count="1" type="stmt"/>
          <line num="21" count="1" type="stmt"/>
          <line num="23" count="1" type="cond" truecount="1" falsecount="1"/>
          <line num="24" count="1" type="stmt"/>
          <line num="28" count="5" type="stmt"/>
        </file>
      </package>
      <package name="lib">
        <metrics statements="17" coveredstatements="15" conditionals="6" coveredconditionals="3" methods="8" coveredmethods="5"/>
        <file name="redux-reporter.js" path="/Users/amandakoster/Documents/Amanda/learnings/CodeFellows/401/lab-31-34-budget-tracker/lab31-34-amanda/src/lib/redux-reporter.js">
          <metrics statements="9" coveredstatements="9" conditionals="0" coveredconditionals="0" methods="3" coveredmethods="3"/>
          <line num="5" count="2" type="stmt"/>
          <line num="6" count="3" type="stmt"/>
          <line num="7" count="3" type="stmt"/>
          <line num="8" count="3" type="stmt"/>
          <line num="9" count="2" type="stmt"/>
          <line num="10" count="2" type="stmt"/>
          <line num="12" count="1" type="stmt"/>
          <line num="13" count="1" type="stmt"/>
          <line num="14" count="1" type="stmt"/>
        </file>
        <file name="util.js" path="/Users/amandakoster/Documents/Amanda/learnings/CodeFellows/401/lab-31-34-budget-tracker/lab31-34-amanda/src/lib/util.js">
          <metrics statements="8" coveredstatements="6" conditionals="6" coveredconditionals="3" methods="5" coveredmethods="2"/>
          <line num="1" count="2" type="stmt"/>
          <line num="2" count="0" type="cond" truecount="0" falsecount="2"/>
          <line num="4" count="2" type="stmt"/>
          <line num="5" count="0" type="stmt"/>
          <line num="7" count="2" type="stmt"/>
          <line num="8" count="7" type="cond" truecount="2" falsecount="0"/>
          <line num="10" count="2" type="stmt"/>
          <line num="11" count="1" type="cond" truecount="1" falsecount="1"/>
        </file>
      </package>
      <package name="reducer">
        <metrics statements="12" coveredstatements="7" conditionals="8" coveredconditionals="4" methods="3" coveredmethods="2"/>
        <file name="category-reducer.js" path="/Users/amandakoster/Documents/Amanda/learnings/CodeFellows/401/lab-31-34-budget-tracker/lab31-34-amanda/src/reducer/category-reducer.js">
          <metrics statements="12" coveredstatements="7" conditionals="8" coveredconditionals="4" methods="3" coveredmethods="2"/>
          <line num="1" count="1" type="stmt"/>
          <line num="4" count="5" type="stmt"/>
          <line num="6" count="5" type="cond" truecount="3" falsecount="2"/>
          <line num="8" count="2" type="stmt"/>
          <line num="11" count="0" type="stmt"/>
          <line num="12" count="0" type="stmt"/>
          <line num="13" count="0" type="stmt"/>
          <line num="14" count="0" type="cond" truecount="0" falsecount="2"/>
          <line num="17" count="1" type="stmt"/>
          <line num="18" count="4" type="stmt"/>
          <line num="21" count="0" type="stmt"/>
          <line num="24" count="2" type="stmt"/>
        </file>
      </package>
    </metrics>
  </project>
</coverage>
