<?xml version="1.0" encoding="UTF-8"?>
<coverage generated="1501199367259" clover="3.2.0">
  <project timestamp="1501199367259" name="All files">
    <metrics statements="20" coveredstatements="12" conditionals="8" coveredconditionals="3" methods="7" coveredmethods="2" elements="35" coveredelements="17" complexity="0" loc="20" ncloc="20" packages="2" files="2" classes="2">
      <package name="action">
        <metrics statements="8" coveredstatements="7" conditionals="0" coveredconditionals="0" methods="4" coveredmethods="1"/>
        <file name="category-action.js" path="/Users/amandakoster/Documents/Amanda/learnings/CodeFellows/401/lab-31-34-budget-tracker/lab31-34-amanda/src/action/category-action.js">
          <metrics statements="8" coveredstatements="7" conditionals="0" coveredconditionals="0" methods="4" coveredmethods="1"/>
          <line num="3" count="1" type="stmt"/>
          <line num="4" count="1" type="stmt"/>
          <line num="5" count="1" type="stmt"/>
          <line num="6" count="1" type="stmt"/>
          <line num="12" count="1" type="stmt"/>
          <line num="13" count="0" type="stmt"/>
          <line num="20" count="1" type="stmt"/>
          <line num="25" count="1" type="stmt"/>
        </file>
      </package>
      <package name="reducer">
        <metrics statements="12" coveredstatements="5" conditionals="8" coveredconditionals="3" methods="3" coveredmethods="1"/>
        <file name="category-reducer.js" path="/Users/amandakoster/Documents/Amanda/learnings/CodeFellows/401/lab-31-34-budget-tracker/lab31-34-amanda/src/reducer/category-reducer.js">
          <metrics statements="12" coveredstatements="5" conditionals="8" coveredconditionals="3" methods="3" coveredmethods="1"/>
          <line num="1" count="1" type="stmt"/>
          <line num="3" count="4" type="stmt"/>
          <line num="5" count="4" type="cond" truecount="2" falsecount="3"/>
          <line num="7" count="2" type="stmt"/>
          <line num="10" count="0" type="stmt"/>
          <line num="11" count="0" type="stmt"/>
          <line num="12" count="0" type="stmt"/>
          <line num="13" count="0" type="cond" truecount="0" falsecount="2"/>
          <line num="16" count="0" type="stmt"/>
          <line num="17" count="0" type="stmt"/>
          <line num="20" count="0" type="stmt"/>
          <line num="23" count="2" type="stmt"/>
        </file>
      </package>
    </metrics>
  </project>
</coverage>
