{"/Users/amandakoster/Documents/Amanda/learnings/CodeFellows/401/lab-31-34-budget-tracker/lab31-34-amanda/src/action/category-action.js": {"path":"/Users/amandakoster/Documents/Amanda/learnings/CodeFellows/401/lab-31-34-budget-tracker/lab31-34-amanda/src/action/category-action.js","statementMap":{"0":{"start":{"line":3,"column":30},"end":{"line":10,"column":1}},"1":{"start":{"line":4,"column":2},"end":{"line":4,"column":23}},"2":{"start":{"line":5,"column":2},"end":{"line":5,"column":34}},"3":{"start":{"line":6,"column":2},"end":{"line":9,"column":4}},"4":{"start":{"line":12,"column":30},"end":{"line":17,"column":1}},"5":{"start":{"line":13,"column":2},"end":{"line":16,"column":4}},"6":{"start":{"line":20,"column":30},"end":{"line":23,"column":2}},"7":{"start":{"line":20,"column":45},"end":{"line":23,"column":1}},"8":{"start":{"line":25,"column":29},"end":{"line":27,"column":2}},"9":{"start":{"line":25,"column":36},"end":{"line":27,"column":1}}},"fnMap":{"0":{"name":"(anonymous_0)","decl":{"start":{"line":3,"column":30},"end":{"line":3,"column":31}},"loc":{"start":{"line":3,"column":44},"end":{"line":10,"column":1}},"line":3},"1":{"name":"(anonymous_1)","decl":{"start":{"line":12,"column":30},"end":{"line":12,"column":31}},"loc":{"start":{"line":12,"column":44},"end":{"line":17,"column":1}},"line":12},"2":{"name":"(anonymous_2)","decl":{"start":{"line":20,"column":30},"end":{"line":20,"column":31}},"loc":{"start":{"line":20,"column":45},"end":{"line":23,"column":1}},"line":20},"3":{"name":"(anonymous_3)","decl":{"start":{"line":25,"column":29},"end":{"line":25,"column":30}},"loc":{"start":{"line":25,"column":36},"end":{"line":27,"column":1}},"line":25}},"branchMap":{},"s":{"0":1,"1":1,"2":1,"3":1,"4":1,"5":0,"6":1,"7":0,"8":1,"9":0},"f":{"0":1,"1":0,"2":0,"3":0},"b":{},"_coverageSchema":"332fd63041d2c1bcb487cc26dd0d5f7d97098a6c","hash":"dcc889b8b97ef4458b1fcc3eae7401bbdeea5c9e"}
,"/Users/amandakoster/Documents/Amanda/learnings/CodeFellows/401/lab-31-34-budget-tracker/lab31-34-amanda/src/reducer/category-reducer.js": {"path":"/Users/amandakoster/Documents/Amanda/learnings/CodeFellows/401/lab-31-34-budget-tracker/lab31-34-amanda/src/reducer/category-reducer.js","statementMap":{"0":{"start":{"line":1,"column":19},"end":{"line":1,"column":21}},"1":{"start":{"line":3,"column":24},"end":{"line":3,"column":30}},"2":{"start":{"line":5,"column":2},"end":{"line":24,"column":3}},"3":{"start":{"line":7,"column":4},"end":{"line":7,"column":31}},"4":{"start":{"line":10,"column":4},"end":{"line":10,"column":44}},"5":{"start":{"line":11,"column":4},"end":{"line":13,"column":63}},"6":{"start":{"line":12,"column":6},"end":{"line":12,"column":55}},"7":{"start":{"line":13,"column":6},"end":{"line":13,"column":60}},"8":{"start":{"line":16,"column":4},"end":{"line":17,"column":34}},"9":{"start":{"line":17,"column":6},"end":{"line":17,"column":32}},"10":{"start":{"line":20,"column":4},"end":{"line":20,"column":24}},"11":{"start":{"line":23,"column":4},"end":{"line":23,"column":17}}},"fnMap":{"0":{"name":"(anonymous_0)","decl":{"start":{"line":2,"column":15},"end":{"line":2,"column":16}},"loc":{"start":{"line":2,"column":47},"end":{"line":25,"column":1}},"line":2},"1":{"name":"(anonymous_1)","decl":{"start":{"line":11,"column":21},"end":{"line":11,"column":22}},"loc":{"start":{"line":11,"column":33},"end":{"line":13,"column":61}},"line":11},"2":{"name":"(anonymous_2)","decl":{"start":{"line":16,"column":24},"end":{"line":16,"column":25}},"loc":{"start":{"line":17,"column":6},"end":{"line":17,"column":32}},"line":17}},"branchMap":{"0":{"loc":{"start":{"line":2,"column":16},"end":{"line":2,"column":34}},"type":"default-arg","locations":[{"start":{"line":2,"column":22},"end":{"line":2,"column":34}}],"line":2},"1":{"loc":{"start":{"line":5,"column":2},"end":{"line":24,"column":3}},"type":"switch","locations":[{"start":{"line":6,"column":2},"end":{"line":7,"column":31}},{"start":{"line":9,"column":2},"end":{"line":13,"column":63}},{"start":{"line":15,"column":2},"end":{"line":17,"column":34}},{"start":{"line":19,"column":2},"end":{"line":20,"column":24}},{"start":{"line":22,"column":2},"end":{"line":23,"column":17}}],"line":5},"2":{"loc":{"start":{"line":13,"column":13},"end":{"line":13,"column":59}},"type":"cond-expr","locations":[{"start":{"line":13,"column":41},"end":{"line":13,"column":48}},{"start":{"line":13,"column":51},"end":{"line":13,"column":59}}],"line":13}},"s":{"0":1,"1":4,"2":4,"3":2,"4":0,"5":0,"6":0,"7":0,"8":0,"9":0,"10":0,"11":2},"f":{"0":4,"1":0,"2":0},"b":{"0":[1],"1":[2,0,0,0,2],"2":[0,0]},"_coverageSchema":"332fd63041d2c1bcb487cc26dd0d5f7d97098a6c","hash":"cf5075bec8fe9b5d75ad19f2556ecda259938898"}
}
