{"/Users/amandakoster/Documents/Amanda/learnings/CodeFellows/401/lab-31-34-budget-tracker/lab31-34-amanda/src/action/category-action.js": {"path":"/Users/amandakoster/Documents/Amanda/learnings/CodeFellows/401/lab-31-34-budget-tracker/lab31-34-amanda/src/action/category-action.js","statementMap":{"0":{"start":{"line":3,"column":30},"end":{"line":10,"column":1}},"1":{"start":{"line":4,"column":2},"end":{"line":4,"column":23}},"2":{"start":{"line":5,"column":2},"end":{"line":5,"column":34}},"3":{"start":{"line":6,"column":2},"end":{"line":9,"column":4}},"4":{"start":{"line":12,"column":30},"end":{"line":17,"column":1}},"5":{"start":{"line":13,"column":2},"end":{"line":16,"column":4}},"6":{"start":{"line":20,"column":30},"end":{"line":23,"column":2}},"7":{"start":{"line":20,"column":45},"end":{"line":23,"column":1}},"8":{"start":{"line":25,"column":29},"end":{"line":27,"column":2}},"9":{"start":{"line":25,"column":36},"end":{"line":27,"column":1}}},"fnMap":{"0":{"name":"(anonymous_0)","decl":{"start":{"line":3,"column":30},"end":{"line":3,"column":31}},"loc":{"start":{"line":3,"column":44},"end":{"line":10,"column":1}},"line":3},"1":{"name":"(anonymous_1)","decl":{"start":{"line":12,"column":30},"end":{"line":12,"column":31}},"loc":{"start":{"line":12,"column":44},"end":{"line":17,"column":1}},"line":12},"2":{"name":"(anonymous_2)","decl":{"start":{"line":20,"column":30},"end":{"line":20,"column":31}},"loc":{"start":{"line":20,"column":45},"end":{"line":23,"column":1}},"line":20},"3":{"name":"(anonymous_3)","decl":{"start":{"line":25,"column":29},"end":{"line":25,"column":30}},"loc":{"start":{"line":25,"column":36},"end":{"line":27,"column":1}},"line":25}},"branchMap":{},"s":{"0":1,"1":1,"2":1,"3":1,"4":1,"5":0,"6":1,"7":0,"8":1,"9":0},"f":{"0":1,"1":0,"2":0,"3":0},"b":{},"_coverageSchema":"332fd63041d2c1bcb487cc26dd0d5f7d97098a6c","hash":"dcc889b8b97ef4458b1fcc3eae7401bbdeea5c9e"}
,"/Users/amandakoster/Documents/Amanda/learnings/CodeFellows/401/lab-31-34-budget-tracker/lab31-34-amanda/src/component/category-form/index.js": {"path":"/Users/amandakoster/Documents/Amanda/learnings/CodeFellows/401/lab-31-34-budget-tracker/lab31-34-amanda/src/component/category-form/index.js","statementMap":{"0":{"start":{"line":5,"column":4},"end":{"line":5,"column":17}},"1":{"start":{"line":7,"column":4},"end":{"line":9,"column":33}},"2":{"start":{"line":11,"column":4},"end":{"line":11,"column":53}},"3":{"start":{"line":12,"column":4},"end":{"line":12,"column":53}},"4":{"start":{"line":16,"column":4},"end":{"line":16,"column":54}},"5":{"start":{"line":20,"column":4},"end":{"line":20,"column":23}},"6":{"start":{"line":21,"column":4},"end":{"line":21,"column":57}},"7":{"start":{"line":23,"column":4},"end":{"line":24,"column":44}},"8":{"start":{"line":24,"column":6},"end":{"line":24,"column":44}},"9":{"start":{"line":28,"column":4},"end":{"line":52,"column":6}}},"fnMap":{"0":{"name":"(anonymous_0)","decl":{"start":{"line":4,"column":2},"end":{"line":4,"column":3}},"loc":{"start":{"line":4,"column":20},"end":{"line":13,"column":3}},"line":4},"1":{"name":"(anonymous_1)","decl":{"start":{"line":15,"column":2},"end":{"line":15,"column":3}},"loc":{"start":{"line":15,"column":17},"end":{"line":17,"column":3}},"line":15},"2":{"name":"(anonymous_2)","decl":{"start":{"line":19,"column":2},"end":{"line":19,"column":3}},"loc":{"start":{"line":19,"column":17},"end":{"line":25,"column":3}},"line":19},"3":{"name":"(anonymous_3)","decl":{"start":{"line":27,"column":2},"end":{"line":27,"column":3}},"loc":{"start":{"line":27,"column":10},"end":{"line":53,"column":3}},"line":27}},"branchMap":{"0":{"loc":{"start":{"line":7,"column":17},"end":{"line":9,"column":32}},"type":"cond-expr","locations":[{"start":{"line":8,"column":8},"end":{"line":8,"column":27}},{"start":{"line":9,"column":8},"end":{"line":9,"column":32}}],"line":7},"1":{"loc":{"start":{"line":23,"column":4},"end":{"line":24,"column":44}},"type":"if","locations":[{"start":{"line":23,"column":4},"end":{"line":24,"column":44}},{"start":{"line":23,"column":4},"end":{"line":24,"column":44}}],"line":23}},"s":{"0":2,"1":2,"2":2,"3":2,"4":1,"5":1,"6":1,"7":1,"8":1,"9":5},"f":{"0":2,"1":1,"2":1,"3":5},"b":{"0":[0,2],"1":[1,0]},"_coverageSchema":"332fd63041d2c1bcb487cc26dd0d5f7d97098a6c","hash":"c44d14bca60b733dc42ea66ed70fee4c55717085"}
,"/Users/amandakoster/Documents/Amanda/learnings/CodeFellows/401/lab-31-34-budget-tracker/lab31-34-amanda/src/lib/redux-reporter.js": {"path":"/Users/amandakoster/Documents/Amanda/learnings/CodeFellows/401/lab-31-34-budget-tracker/lab31-34-amanda/src/lib/redux-reporter.js","statementMap":{"0":{"start":{"line":5,"column":15},"end":{"line":16,"column":1}},"1":{"start":{"line":5,"column":24},"end":{"line":16,"column":1}},"2":{"start":{"line":5,"column":32},"end":{"line":16,"column":1}},"3":{"start":{"line":6,"column":2},"end":{"line":6,"column":28}},"4":{"start":{"line":7,"column":2},"end":{"line":15,"column":3}},"5":{"start":{"line":8,"column":17},"end":{"line":8,"column":29}},"6":{"start":{"line":9,"column":4},"end":{"line":9,"column":39}},"7":{"start":{"line":10,"column":4},"end":{"line":10,"column":18}},"8":{"start":{"line":12,"column":4},"end":{"line":12,"column":26}},"9":{"start":{"line":13,"column":4},"end":{"line":13,"column":33}},"10":{"start":{"line":14,"column":4},"end":{"line":14,"column":17}}},"fnMap":{"0":{"name":"(anonymous_0)","decl":{"start":{"line":5,"column":15},"end":{"line":5,"column":16}},"loc":{"start":{"line":5,"column":24},"end":{"line":16,"column":1}},"line":5},"1":{"name":"(anonymous_1)","decl":{"start":{"line":5,"column":24},"end":{"line":5,"column":25}},"loc":{"start":{"line":5,"column":32},"end":{"line":16,"column":1}},"line":5},"2":{"name":"(anonymous_2)","decl":{"start":{"line":5,"column":32},"end":{"line":5,"column":33}},"loc":{"start":{"line":5,"column":42},"end":{"line":16,"column":1}},"line":5}},"branchMap":{},"s":{"0":1,"1":2,"2":2,"3":3,"4":3,"5":3,"6":2,"7":2,"8":1,"9":1,"10":1},"f":{"0":2,"1":2,"2":3},"b":{},"_coverageSchema":"332fd63041d2c1bcb487cc26dd0d5f7d97098a6c","hash":"5da2ccb44c0c3f5a20e5bf1c3d2d80e8c6981635"}
,"/Users/amandakoster/Documents/Amanda/learnings/CodeFellows/401/lab-31-34-budget-tracker/lab31-34-amanda/src/lib/util.js": {"path":"/Users/amandakoster/Documents/Amanda/learnings/CodeFellows/401/lab-31-34-budget-tracker/lab31-34-amanda/src/lib/util.js","statementMap":{"0":{"start":{"line":1,"column":24},"end":{"line":2,"column":30}},"1":{"start":{"line":2,"column":2},"end":{"line":2,"column":30}},"2":{"start":{"line":4,"column":28},"end":{"line":5,"column":58}},"3":{"start":{"line":5,"column":2},"end":{"line":5,"column":58}},"4":{"start":{"line":5,"column":36},"end":{"line":5,"column":47}},"5":{"start":{"line":7,"column":19},"end":{"line":8,"column":46}},"6":{"start":{"line":8,"column":2},"end":{"line":8,"column":46}},"7":{"start":{"line":10,"column":24},"end":{"line":11,"column":48}},"8":{"start":{"line":11,"column":2},"end":{"line":11,"column":48}}},"fnMap":{"0":{"name":"(anonymous_0)","decl":{"start":{"line":1,"column":24},"end":{"line":1,"column":25}},"loc":{"start":{"line":2,"column":2},"end":{"line":2,"column":30}},"line":2},"1":{"name":"(anonymous_1)","decl":{"start":{"line":4,"column":28},"end":{"line":4,"column":29}},"loc":{"start":{"line":5,"column":2},"end":{"line":5,"column":58}},"line":5},"2":{"name":"(anonymous_2)","decl":{"start":{"line":5,"column":29},"end":{"line":5,"column":30}},"loc":{"start":{"line":5,"column":36},"end":{"line":5,"column":47}},"line":5},"3":{"name":"(anonymous_3)","decl":{"start":{"line":7,"column":19},"end":{"line":7,"column":20}},"loc":{"start":{"line":8,"column":2},"end":{"line":8,"column":46}},"line":8},"4":{"name":"(anonymous_4)","decl":{"start":{"line":10,"column":24},"end":{"line":10,"column":25}},"loc":{"start":{"line":11,"column":2},"end":{"line":11,"column":48}},"line":11}},"branchMap":{"0":{"loc":{"start":{"line":2,"column":2},"end":{"line":2,"column":30}},"type":"cond-expr","locations":[{"start":{"line":2,"column":9},"end":{"line":2,"column":18}},{"start":{"line":2,"column":21},"end":{"line":2,"column":30}}],"line":2},"1":{"loc":{"start":{"line":8,"column":2},"end":{"line":8,"column":46}},"type":"cond-expr","locations":[{"start":{"line":8,"column":14},"end":{"line":8,"column":34}},{"start":{"line":8,"column":37},"end":{"line":8,"column":46}}],"line":8},"2":{"loc":{"start":{"line":11,"column":2},"end":{"line":11,"column":48}},"type":"cond-expr","locations":[{"start":{"line":11,"column":14},"end":{"line":11,"column":36}},{"start":{"line":11,"column":39},"end":{"line":11,"column":48}}],"line":11}},"s":{"0":2,"1":0,"2":2,"3":0,"4":0,"5":2,"6":7,"7":2,"8":1},"f":{"0":0,"1":0,"2":0,"3":7,"4":1},"b":{"0":[0,0],"1":[1,6],"2":[0,1]},"_coverageSchema":"332fd63041d2c1bcb487cc26dd0d5f7d97098a6c","hash":"240fbfab694df138a983e98375244d9d94e6d557"}
,"/Users/amandakoster/Documents/Amanda/learnings/CodeFellows/401/lab-31-34-budget-tracker/lab31-34-amanda/src/reducer/category-reducer.js": {"path":"/Users/amandakoster/Documents/Amanda/learnings/CodeFellows/401/lab-31-34-budget-tracker/lab31-34-amanda/src/reducer/category-reducer.js","statementMap":{"0":{"start":{"line":1,"column":19},"end":{"line":1,"column":21}},"1":{"start":{"line":4,"column":24},"end":{"line":4,"column":30}},"2":{"start":{"line":6,"column":2},"end":{"line":25,"column":3}},"3":{"start":{"line":8,"column":4},"end":{"line":8,"column":31}},"4":{"start":{"line":11,"column":4},"end":{"line":11,"column":44}},"5":{"start":{"line":12,"column":4},"end":{"line":14,"column":63}},"6":{"start":{"line":13,"column":6},"end":{"line":13,"column":55}},"7":{"start":{"line":14,"column":6},"end":{"line":14,"column":60}},"8":{"start":{"line":17,"column":4},"end":{"line":18,"column":34}},"9":{"start":{"line":18,"column":6},"end":{"line":18,"column":32}},"10":{"start":{"line":21,"column":4},"end":{"line":21,"column":24}},"11":{"start":{"line":24,"column":4},"end":{"line":24,"column":17}}},"fnMap":{"0":{"name":"(anonymous_0)","decl":{"start":{"line":3,"column":15},"end":{"line":3,"column":16}},"loc":{"start":{"line":3,"column":47},"end":{"line":26,"column":1}},"line":3},"1":{"name":"(anonymous_1)","decl":{"start":{"line":12,"column":21},"end":{"line":12,"column":22}},"loc":{"start":{"line":12,"column":33},"end":{"line":14,"column":61}},"line":12},"2":{"name":"(anonymous_2)","decl":{"start":{"line":17,"column":24},"end":{"line":17,"column":25}},"loc":{"start":{"line":18,"column":6},"end":{"line":18,"column":32}},"line":18}},"branchMap":{"0":{"loc":{"start":{"line":3,"column":16},"end":{"line":3,"column":34}},"type":"default-arg","locations":[{"start":{"line":3,"column":22},"end":{"line":3,"column":34}}],"line":3},"1":{"loc":{"start":{"line":6,"column":2},"end":{"line":25,"column":3}},"type":"switch","locations":[{"start":{"line":7,"column":2},"end":{"line":8,"column":31}},{"start":{"line":10,"column":2},"end":{"line":14,"column":63}},{"start":{"line":16,"column":2},"end":{"line":18,"column":34}},{"start":{"line":20,"column":2},"end":{"line":21,"column":24}},{"start":{"line":23,"column":2},"end":{"line":24,"column":17}}],"line":6},"2":{"loc":{"start":{"line":14,"column":13},"end":{"line":14,"column":59}},"type":"cond-expr","locations":[{"start":{"line":14,"column":41},"end":{"line":14,"column":48}},{"start":{"line":14,"column":51},"end":{"line":14,"column":59}}],"line":14}},"s":{"0":1,"1":5,"2":5,"3":2,"4":0,"5":0,"6":0,"7":0,"8":1,"9":4,"10":0,"11":2},"f":{"0":5,"1":0,"2":4},"b":{"0":[1],"1":[2,0,1,0,2],"2":[0,0]},"_coverageSchema":"332fd63041d2c1bcb487cc26dd0d5f7d97098a6c","hash":"c232f264baf4837d321e5a7577b0632954969575"}
}
