TN:
SF:/Users/amandakoster/Documents/Amanda/learnings/CodeFellows/401/lab-31-34-budget-tracker/lab31-34-amanda/src/action/category-action.js
FN:3,(anonymous_0)
FN:12,(anonymous_1)
FN:20,(anonymous_2)
FN:25,(anonymous_3)
FNF:4
FNH:1
FNDA:1,(anonymous_0)
FNDA:0,(anonymous_1)
FNDA:0,(anonymous_2)
FNDA:0,(anonymous_3)
DA:3,1
DA:4,1
DA:5,1
DA:6,1
DA:12,1
DA:13,0
DA:20,1
DA:25,1
LF:8
LH:7
BRF:0
BRH:0
end_of_record
TN:
SF:/Users/amandakoster/Documents/Amanda/learnings/CodeFellows/401/lab-31-34-budget-tracker/lab31-34-amanda/src/component/category-form/index.js
FN:4,(anonymous_0)
FN:15,(anonymous_1)
FN:19,(anonymous_2)
FN:27,(anonymous_3)
FNF:4
FNH:4
FNDA:2,(anonymous_0)
FNDA:1,(anonymous_1)
FNDA:1,(anonymous_2)
FNDA:5,(anonymous_3)
DA:5,2
DA:7,2
DA:11,2
DA:12,2
DA:16,1
DA:20,1
DA:21,1
DA:23,1
DA:24,1
DA:28,5
LF:10
LH:10
BRDA:7,0,0,0
BRDA:7,0,1,2
BRDA:23,1,0,1
BRDA:23,1,1,0
BRF:4
BRH:2
end_of_record
TN:
SF:/Users/amandakoster/Documents/Amanda/learnings/CodeFellows/401/lab-31-34-budget-tracker/lab31-34-amanda/src/lib/redux-reporter.js
FN:5,(anonymous_0)
FN:5,(anonymous_1)
FN:5,(anonymous_2)
FNF:3
FNH:3
FNDA:2,(anonymous_0)
FNDA:2,(anonymous_1)
FNDA:3,(anonymous_2)
DA:5,2
DA:6,3
DA:7,3
DA:8,3
DA:9,2
DA:10,2
DA:12,1
DA:13,1
DA:14,1
LF:9
LH:9
BRF:0
BRH:0
end_of_record
TN:
SF:/Users/amandakoster/Documents/Amanda/learnings/CodeFellows/401/lab-31-34-budget-tracker/lab31-34-amanda/src/lib/util.js
FN:1,(anonymous_0)
FN:4,(anonymous_1)
FN:5,(anonymous_2)
FN:7,(anonymous_3)
FN:10,(anonymous_4)
FNF:5
FNH:2
FNDA:0,(anonymous_0)
FNDA:0,(anonymous_1)
FNDA:0,(anonymous_2)
FNDA:7,(anonymous_3)
FNDA:1,(anonymous_4)
DA:1,2
DA:2,0
DA:4,2
DA:5,0
DA:7,2
DA:8,7
DA:10,2
DA:11,1
LF:8
LH:6
BRDA:2,0,0,0
BRDA:2,0,1,0
BRDA:8,1,0,1
BRDA:8,1,1,6
BRDA:11,2,0,0
BRDA:11,2,1,1
BRF:6
BRH:3
end_of_record
TN:
SF:/Users/amandakoster/Documents/Amanda/learnings/CodeFellows/401/lab-31-34-budget-tracker/lab31-34-amanda/src/reducer/category-reducer.js
FN:3,(anonymous_0)
FN:12,(anonymous_1)
FN:17,(anonymous_2)
FNF:3
FNH:2
FNDA:5,(anonymous_0)
FNDA:0,(anonymous_1)
FNDA:4,(anonymous_2)
DA:1,1
DA:4,5
DA:6,5
DA:8,2
DA:11,0
DA:12,0
DA:13,0
DA:14,0
DA:17,1
DA:18,4
DA:21,0
DA:24,2
LF:12
LH:7
BRDA:3,0,0,1
BRDA:6,1,0,2
BRDA:6,1,1,0
BRDA:6,1,2,1
BRDA:6,1,3,0
BRDA:6,1,4,2
BRDA:14,2,0,0
BRDA:14,2,1,0
BRF:8
BRH:4
end_of_record
