TN:
SF:/Users/amandakoster/Documents/Amanda/learnings/CodeFellows/401/lab-31-34-budget-tracker/lab31-34-amanda/src/action/category-action.js
FN:3,(anonymous_0)
FN:12,(anonymous_1)
FN:20,(anonymous_2)
FN:25,(anonymous_3)
FNF:4
FNH:1
FNDA:1,(anonymous_0)
FNDA:0,(anonymous_1)
FNDA:0,(anonymous_2)
FNDA:0,(anonymous_3)
DA:3,1
DA:4,1
DA:5,1
DA:6,1
DA:12,1
DA:13,0
DA:20,1
DA:25,1
LF:8
LH:7
BRF:0
BRH:0
end_of_record
TN:
SF:/Users/amandakoster/Documents/Amanda/learnings/CodeFellows/401/lab-31-34-budget-tracker/lab31-34-amanda/src/reducer/category-reducer.js
FN:2,(anonymous_0)
FN:11,(anonymous_1)
FN:16,(anonymous_2)
FNF:3
FNH:1
FNDA:4,(anonymous_0)
FNDA:0,(anonymous_1)
FNDA:0,(anonymous_2)
DA:1,1
DA:3,4
DA:5,4
DA:7,2
DA:10,0
DA:11,0
DA:12,0
DA:13,0
DA:16,0
DA:17,0
DA:20,0
DA:23,2
LF:12
LH:5
BRDA:2,0,0,1
BRDA:5,1,0,2
BRDA:5,1,1,0
BRDA:5,1,2,0
BRDA:5,1,3,0
BRDA:5,1,4,2
BRDA:13,2,0,0
BRDA:13,2,1,0
BRF:8
BRH:3
end_of_record
