<?xml version="1.0" encoding="UTF-8"?>
<coverage generated="1501515799634" clover="3.2.0">
  <project timestamp="1501515799635" name="All files">
    <metrics statements="34" coveredstatements="29" conditionals="19" coveredconditionals="9" methods="13" coveredmethods="10" elements="66" coveredelements="48" complexity="0" loc="34" ncloc="34" packages="3" files="3" classes="3">
      <package name="action">
        <metrics statements="7" coveredstatements="7" conditionals="0" coveredconditionals="0" methods="4" coveredmethods="3"/>
        <file name="category-action.js" path="/home/zdiehlio/projects/401-labs/lab31-34-Zach/src/action/category-action.js">
          <metrics statements="7" coveredstatements="7" conditionals="0" coveredconditionals="0" methods="4" coveredmethods="3"/>
          <line num="3" count="1" type="stmt"/>
          <line num="4" count="1" type="stmt"/>
          <line num="5" count="1" type="stmt"/>
          <line num="6" count="1" type="stmt"/>
          <line num="12" count="1" type="stmt"/>
          <line num="17" count="1" type="stmt"/>
          <line num="22" count="1" type="stmt"/>
        </file>
      </package>
      <package name="component.category-form">
        <metrics statements="13" coveredstatements="11" conditionals="6" coveredconditionals="2" methods="5" coveredmethods="4"/>
        <file name="index.js" path="/home/zdiehlio/projects/401-labs/lab31-34-Zach/src/component/category-form/index.js">
          <metrics statements="13" coveredstatements="11" conditionals="6" coveredconditionals="2" methods="5" coveredmethods="4"/>
          <line num="5" count="2" type="stmt"/>
          <line num="6" count="2" type="cond" truecount="1" falsecount="1"/>
          <line num="7" count="2" type="stmt"/>
          <line num="8" count="2" type="stmt"/>
          <line num="12" count="0" type="cond" truecount="0" falsecount="2"/>
          <line num="13" count="0" type="stmt"/>
          <line num="16" count="1" type="stmt"/>
          <line num="19" count="1" type="stmt"/>
          <line num="20" count="1" type="stmt"/>
          <line num="21" count="1" type="stmt"/>
          <line num="22" count="1" type="cond" truecount="1" falsecount="1"/>
          <line num="23" count="1" type="stmt"/>
          <line num="26" count="5" type="stmt"/>
        </file>
      </package>
      <package name="reducer">
        <metrics statements="14" coveredstatements="11" conditionals="13" coveredconditionals="7" methods="4" coveredmethods="3"/>
        <file name="category-reducer.js" path="/home/zdiehlio/projects/401-labs/lab31-34-Zach/src/reducer/category-reducer.js">
          <metrics statements="14" coveredstatements="11" conditionals="13" coveredconditionals="7" methods="4" coveredmethods="3"/>
          <line num="1" count="1" type="stmt"/>
          <line num="2" count="0" type="cond" truecount="0" falsecount="5"/>
          <line num="3" count="0" type="stmt"/>
          <line num="6" count="1" type="stmt"/>
          <line num="9" count="6" type="stmt"/>
          <line num="10" count="6" type="cond" truecount="4" falsecount="1"/>
          <line num="12" count="2" type="stmt"/>
          <line num="14" count="1" type="stmt"/>
          <line num="15" count="4" type="stmt"/>
          <line num="16" count="4" type="cond" truecount="2" falsecount="0"/>
          <line num="19" count="1" type="stmt"/>
          <line num="20" count="4" type="stmt"/>
          <line num="22" count="0" type="stmt"/>
          <line num="24" count="2" type="stmt"/>
        </file>
      </package>
    </metrics>
  </project>
</coverage>
