{"/home/zdiehlio/projects/401-labs/lab31-34-Zach/src/action/category-action.js": {"path":"/home/zdiehlio/projects/401-labs/lab31-34-Zach/src/action/category-action.js","statementMap":{"0":{"start":{"line":3,"column":30},"end":{"line":10,"column":1}},"1":{"start":{"line":4,"column":2},"end":{"line":4,"column":22}},"2":{"start":{"line":5,"column":2},"end":{"line":5,"column":33}},"3":{"start":{"line":6,"column":2},"end":{"line":9,"column":3}},"4":{"start":{"line":12,"column":30},"end":{"line":15,"column":2}},"5":{"start":{"line":12,"column":45},"end":{"line":15,"column":1}},"6":{"start":{"line":17,"column":30},"end":{"line":20,"column":2}},"7":{"start":{"line":17,"column":45},"end":{"line":20,"column":1}},"8":{"start":{"line":22,"column":29},"end":{"line":22,"column":69}},"9":{"start":{"line":22,"column":44},"end":{"line":22,"column":68}}},"fnMap":{"0":{"name":"(anonymous_0)","decl":{"start":{"line":3,"column":30},"end":{"line":3,"column":31}},"loc":{"start":{"line":3,"column":44},"end":{"line":10,"column":1}},"line":3},"1":{"name":"(anonymous_1)","decl":{"start":{"line":12,"column":30},"end":{"line":12,"column":31}},"loc":{"start":{"line":12,"column":45},"end":{"line":15,"column":1}},"line":12},"2":{"name":"(anonymous_2)","decl":{"start":{"line":17,"column":30},"end":{"line":17,"column":31}},"loc":{"start":{"line":17,"column":45},"end":{"line":20,"column":1}},"line":17},"3":{"name":"(anonymous_3)","decl":{"start":{"line":22,"column":29},"end":{"line":22,"column":30}},"loc":{"start":{"line":22,"column":44},"end":{"line":22,"column":68}},"line":22}},"branchMap":{},"s":{"0":1,"1":1,"2":1,"3":1,"4":1,"5":1,"6":1,"7":1,"8":1,"9":0},"f":{"0":1,"1":1,"2":1,"3":0},"b":{},"_coverageSchema":"332fd63041d2c1bcb487cc26dd0d5f7d97098a6c","hash":"db6520bd1cdbb6865407804b56d97dab35645a28"}
,"/home/zdiehlio/projects/401-labs/lab31-34-Zach/src/component/category-form/index.js": {"path":"/home/zdiehlio/projects/401-labs/lab31-34-Zach/src/component/category-form/index.js","statementMap":{"0":{"start":{"line":5,"column":4},"end":{"line":5,"column":16}},"1":{"start":{"line":6,"column":4},"end":{"line":6,"column":67}},"2":{"start":{"line":7,"column":4},"end":{"line":7,"column":52}},"3":{"start":{"line":8,"column":4},"end":{"line":8,"column":52}},"4":{"start":{"line":12,"column":4},"end":{"line":13,"column":35}},"5":{"start":{"line":13,"column":6},"end":{"line":13,"column":35}},"6":{"start":{"line":16,"column":4},"end":{"line":16,"column":42}},"7":{"start":{"line":19,"column":4},"end":{"line":19,"column":22}},"8":{"start":{"line":20,"column":4},"end":{"line":20,"column":27}},"9":{"start":{"line":21,"column":4},"end":{"line":21,"column":56}},"10":{"start":{"line":22,"column":4},"end":{"line":23,"column":32}},"11":{"start":{"line":23,"column":6},"end":{"line":23,"column":32}},"12":{"start":{"line":26,"column":4},"end":{"line":37,"column":5}}},"fnMap":{"0":{"name":"(anonymous_0)","decl":{"start":{"line":4,"column":2},"end":{"line":4,"column":3}},"loc":{"start":{"line":4,"column":20},"end":{"line":9,"column":3}},"line":4},"1":{"name":"(anonymous_1)","decl":{"start":{"line":11,"column":2},"end":{"line":11,"column":3}},"loc":{"start":{"line":11,"column":34},"end":{"line":14,"column":3}},"line":11},"2":{"name":"(anonymous_2)","decl":{"start":{"line":15,"column":2},"end":{"line":15,"column":3}},"loc":{"start":{"line":15,"column":17},"end":{"line":17,"column":3}},"line":15},"3":{"name":"(anonymous_3)","decl":{"start":{"line":18,"column":2},"end":{"line":18,"column":3}},"loc":{"start":{"line":18,"column":17},"end":{"line":24,"column":3}},"line":18},"4":{"name":"(anonymous_4)","decl":{"start":{"line":25,"column":2},"end":{"line":25,"column":3}},"loc":{"start":{"line":25,"column":10},"end":{"line":38,"column":3}},"line":25}},"branchMap":{"0":{"loc":{"start":{"line":6,"column":17},"end":{"line":6,"column":67}},"type":"cond-expr","locations":[{"start":{"line":6,"column":34},"end":{"line":6,"column":53}},{"start":{"line":6,"column":56},"end":{"line":6,"column":67}}],"line":6},"1":{"loc":{"start":{"line":12,"column":4},"end":{"line":13,"column":35}},"type":"if","locations":[{"start":{"line":12,"column":4},"end":{"line":13,"column":35}},{"start":{"line":12,"column":4},"end":{"line":13,"column":35}}],"line":12},"2":{"loc":{"start":{"line":22,"column":4},"end":{"line":23,"column":32}},"type":"if","locations":[{"start":{"line":22,"column":4},"end":{"line":23,"column":32}},{"start":{"line":22,"column":4},"end":{"line":23,"column":32}}],"line":22}},"s":{"0":2,"1":2,"2":2,"3":2,"4":0,"5":0,"6":1,"7":1,"8":1,"9":1,"10":1,"11":1,"12":5},"f":{"0":2,"1":0,"2":1,"3":1,"4":5},"b":{"0":[0,2],"1":[0,0],"2":[1,0]},"_coverageSchema":"332fd63041d2c1bcb487cc26dd0d5f7d97098a6c","hash":"2316c9cda4ea54159af7df2f15a6822f0c17bd78"}
,"/home/zdiehlio/projects/401-labs/lab31-34-Zach/src/reducer/category-reducer.js": {"path":"/home/zdiehlio/projects/401-labs/lab31-34-Zach/src/reducer/category-reducer.js","statementMap":{"0":{"start":{"line":1,"column":22},"end":{"line":4,"column":1}},"1":{"start":{"line":2,"column":2},"end":{"line":3,"column":84}},"2":{"start":{"line":3,"column":4},"end":{"line":3,"column":84}},"3":{"start":{"line":6,"column":20},"end":{"line":6,"column":22}},"4":{"start":{"line":9,"column":24},"end":{"line":9,"column":30}},"5":{"start":{"line":10,"column":2},"end":{"line":25,"column":3}},"6":{"start":{"line":12,"column":4},"end":{"line":12,"column":30}},"7":{"start":{"line":14,"column":4},"end":{"line":16,"column":61}},"8":{"start":{"line":15,"column":6},"end":{"line":15,"column":33}},"9":{"start":{"line":16,"column":6},"end":{"line":16,"column":59}},"10":{"start":{"line":19,"column":4},"end":{"line":20,"column":33}},"11":{"start":{"line":20,"column":6},"end":{"line":20,"column":32}},"12":{"start":{"line":22,"column":4},"end":{"line":22,"column":24}},"13":{"start":{"line":24,"column":4},"end":{"line":24,"column":16}}},"fnMap":{"0":{"name":"(anonymous_0)","decl":{"start":{"line":1,"column":22},"end":{"line":1,"column":23}},"loc":{"start":{"line":1,"column":35},"end":{"line":4,"column":1}},"line":1},"1":{"name":"(anonymous_1)","decl":{"start":{"line":8,"column":15},"end":{"line":8,"column":16}},"loc":{"start":{"line":8,"column":48},"end":{"line":26,"column":1}},"line":8},"2":{"name":"(anonymous_2)","decl":{"start":{"line":14,"column":21},"end":{"line":14,"column":22}},"loc":{"start":{"line":14,"column":32},"end":{"line":16,"column":60}},"line":14},"3":{"name":"(anonymous_3)","decl":{"start":{"line":19,"column":24},"end":{"line":19,"column":25}},"loc":{"start":{"line":20,"column":6},"end":{"line":20,"column":32}},"line":20}},"branchMap":{"0":{"loc":{"start":{"line":2,"column":2},"end":{"line":3,"column":84}},"type":"if","locations":[{"start":{"line":2,"column":2},"end":{"line":3,"column":84}},{"start":{"line":2,"column":2},"end":{"line":3,"column":84}}],"line":2},"1":{"loc":{"start":{"line":2,"column":5},"end":{"line":2,"column":56}},"type":"binary-expr","locations":[{"start":{"line":2,"column":5},"end":{"line":2,"column":16}},{"start":{"line":2,"column":20},"end":{"line":2,"column":34}},{"start":{"line":2,"column":38},"end":{"line":2,"column":56}}],"line":2},"2":{"loc":{"start":{"line":8,"column":16},"end":{"line":8,"column":35}},"type":"default-arg","locations":[{"start":{"line":8,"column":22},"end":{"line":8,"column":35}}],"line":8},"3":{"loc":{"start":{"line":10,"column":2},"end":{"line":25,"column":3}},"type":"switch","locations":[{"start":{"line":11,"column":2},"end":{"line":12,"column":30}},{"start":{"line":13,"column":2},"end":{"line":16,"column":61}},{"start":{"line":18,"column":2},"end":{"line":20,"column":33}},{"start":{"line":21,"column":2},"end":{"line":22,"column":24}},{"start":{"line":23,"column":2},"end":{"line":24,"column":16}}],"line":10},"4":{"loc":{"start":{"line":16,"column":13},"end":{"line":16,"column":59}},"type":"cond-expr","locations":[{"start":{"line":16,"column":41},"end":{"line":16,"column":48}},{"start":{"line":16,"column":51},"end":{"line":16,"column":59}}],"line":16}},"s":{"0":1,"1":0,"2":0,"3":1,"4":6,"5":6,"6":2,"7":1,"8":4,"9":4,"10":1,"11":4,"12":0,"13":2},"f":{"0":0,"1":6,"2":4,"3":4},"b":{"0":[0,0],"1":[0,0,0],"2":[1],"3":[2,1,1,0,2],"4":[1,3]},"_coverageSchema":"332fd63041d2c1bcb487cc26dd0d5f7d97098a6c","hash":"386eff34fef6540990c08200359f9ea906667cd3"}
}
