<?xml version="1.0" encoding="UTF-8"?>
<coverage generated="1501366923222" clover="3.2.0">
  <project timestamp="1501366923222" name="All files">
    <metrics statements="20" coveredstatements="14" conditionals="12" coveredconditionals="7" methods="7" coveredmethods="5" elements="39" coveredelements="26" complexity="0" loc="20" ncloc="20" packages="2" files="2" classes="2">
      <package name="action">
        <metrics statements="6" coveredstatements="6" conditionals="0" coveredconditionals="0" methods="3" coveredmethods="3"/>
        <file name="category-actions.js" path="/home/dustin/cf/401/lab-31-34-budget-tracker/lab-dustin/src/action/category-actions.js">
          <metrics statements="6" coveredstatements="6" conditionals="0" coveredconditionals="0" methods="3" coveredmethods="3"/>
          <line num="3" count="1" type="stmt"/>
          <line num="4" count="1" type="stmt"/>
          <line num="5" count="1" type="stmt"/>
          <line num="6" count="1" type="stmt"/>
          <line num="12" count="1" type="stmt"/>
          <line num="17" count="1" type="stmt"/>
        </file>
      </package>
      <package name="reducer">
        <metrics statements="14" coveredstatements="8" conditionals="12" coveredconditionals="7" methods="4" coveredmethods="2"/>
        <file name="category.js" path="/home/dustin/cf/401/lab-31-34-budget-tracker/lab-dustin/src/reducer/category.js">
          <metrics statements="14" coveredstatements="8" conditionals="12" coveredconditionals="7" methods="4" coveredmethods="2"/>
          <line num="3" count="1" type="stmt"/>
          <line num="4" count="2" type="cond" truecount="4" falsecount="1"/>
          <line num="5" count="0" type="stmt"/>
          <line num="8" count="1" type="stmt"/>
          <line num="10" count="4" type="stmt"/>
          <line num="11" count="4" type="cond" truecount="2" falsecount="2"/>
          <line num="13" count="2" type="stmt"/>
          <line num="14" count="2" type="stmt"/>
          <line num="17" count="0" type="stmt"/>
          <line num="18" count="0" type="stmt"/>
          <line num="19" count="0" type="cond" truecount="0" falsecount="2"/>
          <line num="22" count="0" type="stmt"/>
          <line num="23" count="0" type="stmt"/>
          <line num="25" count="2" type="stmt"/>
        </file>
      </package>
    </metrics>
  </project>
</coverage>
