{"/home/dustin/cf/401/lab-31-34-budget-tracker/lab-dustin/src/action/category-actions.js": {"path":"/home/dustin/cf/401/lab-31-34-budget-tracker/lab-dustin/src/action/category-actions.js","statementMap":{"0":{"start":{"line":3,"column":30},"end":{"line":10,"column":1}},"1":{"start":{"line":4,"column":2},"end":{"line":4,"column":23}},"2":{"start":{"line":5,"column":2},"end":{"line":5,"column":34}},"3":{"start":{"line":6,"column":2},"end":{"line":9,"column":4}},"4":{"start":{"line":12,"column":30},"end":{"line":15,"column":2}},"5":{"start":{"line":12,"column":45},"end":{"line":15,"column":1}},"6":{"start":{"line":17,"column":30},"end":{"line":20,"column":2}},"7":{"start":{"line":17,"column":45},"end":{"line":20,"column":1}}},"fnMap":{"0":{"name":"(anonymous_0)","decl":{"start":{"line":3,"column":30},"end":{"line":3,"column":31}},"loc":{"start":{"line":3,"column":44},"end":{"line":10,"column":1}},"line":3},"1":{"name":"(anonymous_1)","decl":{"start":{"line":12,"column":30},"end":{"line":12,"column":31}},"loc":{"start":{"line":12,"column":45},"end":{"line":15,"column":1}},"line":12},"2":{"name":"(anonymous_2)","decl":{"start":{"line":17,"column":30},"end":{"line":17,"column":31}},"loc":{"start":{"line":17,"column":45},"end":{"line":20,"column":1}},"line":17}},"branchMap":{},"s":{"0":1,"1":1,"2":1,"3":1,"4":1,"5":1,"6":1,"7":1},"f":{"0":1,"1":1,"2":1},"b":{},"_coverageSchema":"332fd63041d2c1bcb487cc26dd0d5f7d97098a6c","hash":"aeeb44ce09c3006a8329ac3985121439ec8acfcb"}
,"/home/dustin/cf/401/lab-31-34-budget-tracker/lab-dustin/src/reducer/category.js": {"path":"/home/dustin/cf/401/lab-31-34-budget-tracker/lab-dustin/src/reducer/category.js","statementMap":{"0":{"start":{"line":3,"column":22},"end":{"line":6,"column":1}},"1":{"start":{"line":4,"column":2},"end":{"line":5,"column":85}},"2":{"start":{"line":5,"column":4},"end":{"line":5,"column":85}},"3":{"start":{"line":8,"column":18},"end":{"line":8,"column":20}},"4":{"start":{"line":10,"column":24},"end":{"line":10,"column":30}},"5":{"start":{"line":11,"column":2},"end":{"line":26,"column":3}},"6":{"start":{"line":13,"column":4},"end":{"line":13,"column":29}},"7":{"start":{"line":14,"column":4},"end":{"line":14,"column":31}},"8":{"start":{"line":17,"column":4},"end":{"line":17,"column":29}},"9":{"start":{"line":18,"column":4},"end":{"line":19,"column":54}},"10":{"start":{"line":19,"column":6},"end":{"line":19,"column":52}},"11":{"start":{"line":22,"column":4},"end":{"line":22,"column":29}},"12":{"start":{"line":23,"column":4},"end":{"line":23,"column":64}},"13":{"start":{"line":23,"column":36},"end":{"line":23,"column":62}},"14":{"start":{"line":25,"column":4},"end":{"line":25,"column":17}}},"fnMap":{"0":{"name":"(anonymous_0)","decl":{"start":{"line":3,"column":22},"end":{"line":3,"column":23}},"loc":{"start":{"line":3,"column":35},"end":{"line":6,"column":1}},"line":3},"1":{"name":"(anonymous_1)","decl":{"start":{"line":9,"column":15},"end":{"line":9,"column":16}},"loc":{"start":{"line":9,"column":46},"end":{"line":27,"column":1}},"line":9},"2":{"name":"(anonymous_2)","decl":{"start":{"line":18,"column":21},"end":{"line":18,"column":22}},"loc":{"start":{"line":19,"column":6},"end":{"line":19,"column":52}},"line":19},"3":{"name":"(anonymous_3)","decl":{"start":{"line":23,"column":24},"end":{"line":23,"column":25}},"loc":{"start":{"line":23,"column":36},"end":{"line":23,"column":62}},"line":23}},"branchMap":{"0":{"loc":{"start":{"line":4,"column":2},"end":{"line":5,"column":85}},"type":"if","locations":[{"start":{"line":4,"column":2},"end":{"line":5,"column":85}},{"start":{"line":4,"column":2},"end":{"line":5,"column":85}}],"line":4},"1":{"loc":{"start":{"line":4,"column":5},"end":{"line":4,"column":56}},"type":"binary-expr","locations":[{"start":{"line":4,"column":5},"end":{"line":4,"column":16}},{"start":{"line":4,"column":20},"end":{"line":4,"column":34}},{"start":{"line":4,"column":38},"end":{"line":4,"column":56}}],"line":4},"2":{"loc":{"start":{"line":9,"column":16},"end":{"line":9,"column":33}},"type":"default-arg","locations":[{"start":{"line":9,"column":22},"end":{"line":9,"column":33}}],"line":9},"3":{"loc":{"start":{"line":11,"column":2},"end":{"line":26,"column":3}},"type":"switch","locations":[{"start":{"line":12,"column":2},"end":{"line":14,"column":31}},{"start":{"line":16,"column":2},"end":{"line":19,"column":54}},{"start":{"line":21,"column":2},"end":{"line":23,"column":64}},{"start":{"line":24,"column":2},"end":{"line":25,"column":17}}],"line":11},"4":{"loc":{"start":{"line":19,"column":6},"end":{"line":19,"column":52}},"type":"cond-expr","locations":[{"start":{"line":19,"column":34},"end":{"line":19,"column":41}},{"start":{"line":19,"column":44},"end":{"line":19,"column":52}}],"line":19}},"s":{"0":1,"1":2,"2":0,"3":1,"4":4,"5":4,"6":2,"7":2,"8":0,"9":0,"10":0,"11":0,"12":0,"13":0,"14":2},"f":{"0":2,"1":4,"2":0,"3":0},"b":{"0":[0,2],"1":[2,2,2],"2":[1],"3":[2,0,0,2],"4":[0,0]},"_coverageSchema":"332fd63041d2c1bcb487cc26dd0d5f7d97098a6c","hash":"36f1c80f8d133701e504b4a0a9c3c148c95b6fd4"}
}
